<?xml version="1.0" encoding="UTF-8"?>
<!-- Generated by org.testng.reporters.JUnitXMLReporter -->
<testsuite hostname="P5-GL7QX52" ignored="4" name="Test" tests="7" failures="0" timestamp="26 Apr 2019 10:34:14 GMT" time="101.213" errors="0">
  <testcase name="homePageTitle" time="9.22" classname="testcases.HomePage"/>
  <testcase name="DemoPortalLoginLink" time="9.53" classname="testcases.Login"/>
  <testcase name="DemoPortalRegisterLink" time="9.27" classname="testcases.Registration"/>
  <testcase name="DemoPortalRegisterLink" time="9.354" classname="testcases.Registration"/>
  <testcase name="DemoPortalRegisterLink" time="9.324" classname="testcases.Registration"/>
  <testcase name="DemoPortalRegisterLink" time="10.35" classname="testcases.Registration"/>
  <testcase name="DemoPortalRegisterLink" time="18.164" classname="testcases.Registration"/>
  <testcase name="@AfterSuite endSuite" time="0.0" classname="framework.Selenium.Base.BaseClass">
    <ignored/>
  </testcase> <!-- @AfterSuite endSuite -->
  <testcase name="@AfterSuite endSuite" time="0.0" classname="framework.Selenium.Base.BaseClass">
    <ignored/>
  </testcase> <!-- @AfterSuite endSuite -->
  <testcase name="@BeforeSuite Prerequisites" time="0.0" classname="framework.Selenium.Base.BaseClass">
    <ignored/>
  </testcase> <!-- @BeforeSuite Prerequisites -->
  <testcase name="@BeforeSuite Prerequisites" time="0.0" classname="framework.Selenium.Base.BaseClass">
    <ignored/>
  </testcase> <!-- @BeforeSuite Prerequisites -->
</testsuite> <!-- Test -->
