<?xml version="1.0" encoding="UTF-8"?>
<!-- Generated by org.testng.reporters.JUnitXMLReporter -->
<testsuite hostname="P5-GL7QX52" ignored="4" name="Test" tests="7" failures="0" timestamp="25 Apr 2019 07:26:33 GMT" time="83.032" errors="0">
  <testcase name="homePageTitle" time="8.832" classname="testcases.HomePage"/>
  <testcase name="DemoPortalLoginLink" time="9.356" classname="testcases.Login"/>
  <testcase name="DemoPortalRegisterLink" time="12.436" classname="testcases.Registration"/>
  <testcase name="DemoPortalRegisterLink" time="13.6" classname="testcases.Registration"/>
  <testcase name="DemoPortalRegisterLink" time="10.491" classname="testcases.Registration"/>
  <testcase name="DemoPortalRegisterLink" time="12.077" classname="testcases.Registration"/>
  <testcase name="DemoPortalRegisterLink" time="8.478" classname="testcases.Registration"/>
  <testcase name="@AfterSuite endSuite" time="0.0" classname="framework.Selenium.Base.BaseClass">
    <ignored/>
  </testcase> <!-- @AfterSuite endSuite -->
  <testcase name="@AfterSuite endSuite" time="0.0" classname="framework.Selenium.Base.BaseClass">
    <ignored/>
  </testcase> <!-- @AfterSuite endSuite -->
  <testcase name="@BeforeSuite Prerequisites" time="0.0" classname="framework.Selenium.Base.BaseClass">
    <ignored/>
  </testcase> <!-- @BeforeSuite Prerequisites -->
  <testcase name="@BeforeSuite Prerequisites" time="0.0" classname="framework.Selenium.Base.BaseClass">
    <ignored/>
  </testcase> <!-- @BeforeSuite Prerequisites -->
</testsuite> <!-- Test -->
